[24-Nov-2025 15:20:11 Europe/Berlin] PHP Warning:  mysqli::__construct(): Error while reading greeting packet. PID=16124 in D:\XAMPP\htdocs\TrialWeb\TrialWorkIM\Tabeya\fetch_products.php on line 27
[24-Nov-2025 15:20:11 Europe/Berlin] PHP Warning:  mysqli::__construct(): Error while reading greeting packet. PID=16124 in D:\XAMPP\htdocs\TrialWeb\TrialWorkIM\Tabeya\fetch_products.php on line 27
[24-Nov-2025 15:20:11 Europe/Berlin] PHP Warning:  mysqli::__construct(): Error while reading greeting packet. PID=16124 in D:\XAMPP\htdocs\TrialWeb\TrialWorkIM\Tabeya\fetch_products.php on line 27
[24-Nov-2025 15:20:11 Europe/Berlin] PHP Warning:  mysqli::__construct(): Error while reading greeting packet. PID=16124 in D:\XAMPP\htdocs\TrialWeb\TrialWorkIM\Tabeya\fetch_products.php on line 27
[24-Nov-2025 15:20:11 Europe/Berlin] PHP Warning:  mysqli::__construct(): Error while reading greeting packet. PID=16124 in D:\XAMPP\htdocs\TrialWeb\TrialWorkIM\Tabeya\fetch_products.php on line 27
[24-Nov-2025 15:20:11 Europe/Berlin] PHP Warning:  mysqli::__construct(): Error while reading greeting packet. PID=16124 in D:\XAMPP\htdocs\TrialWeb\TrialWorkIM\Tabeya\fetch_products.php on line 27
[24-Nov-2025 15:20:11 Europe/Berlin] PHP Warning:  mysqli::__construct(): Error while reading greeting packet. PID=16124 in D:\XAMPP\htdocs\TrialWeb\TrialWorkIM\Tabeya\fetch_products.php on line 27
[24-Nov-2025 15:20:11 Europe/Berlin] PHP Warning:  mysqli::__construct(): Error while reading greeting packet. PID=16124 in D:\XAMPP\htdocs\TrialWeb\TrialWorkIM\Tabeya\fetch_products.php on line 27
[24-Nov-2025 15:20:11 Europe/Berlin] PHP Warning:  mysqli::__construct(): Error while reading greeting packet. PID=16124 in D:\XAMPP\htdocs\TrialWeb\TrialWorkIM\Tabeya\fetch_products.php on line 27
[24-Nov-2025 15:20:11 Europe/Berlin] PHP Warning:  mysqli::__construct(): Error while reading greeting packet. PID=16124 in D:\XAMPP\htdocs\TrialWeb\TrialWorkIM\Tabeya\fetch_products.php on line 27
[24-Nov-2025 15:20:11 Europe/Berlin] PHP Warning:  mysqli::__construct(): Error while reading greeting packet. PID=16124 in D:\XAMPP\htdocs\TrialWeb\TrialWorkIM\Tabeya\fetch_products.php on line 27
[24-Nov-2025 15:20:12 Europe/Berlin] PHP Fatal error:  Maximum execution time of 120 seconds exceeded in D:\XAMPP\htdocs\TrialWeb\TrialWorkIM\Tabeya\fetch_products.php on line 27
[24-Nov-2025 15:20:12 Europe/Berlin] PHP Fatal error:  Maximum execution time of 120 seconds exceeded in D:\XAMPP\htdocs\TrialWeb\TrialWorkIM\Tabeya\fetch_products.php on line 27
[24-Nov-2025 15:20:12 Europe/Berlin] PHP Fatal error:  Maximum execution time of 120 seconds exceeded in D:\XAMPP\htdocs\TrialWeb\TrialWorkIM\Tabeya\fetch_products.php on line 27
[24-Nov-2025 15:20:12 Europe/Berlin] PHP Fatal error:  Maximum execution time of 120 seconds exceeded in D:\XAMPP\htdocs\TrialWeb\TrialWorkIM\Tabeya\fetch_products.php on line 27
[24-Nov-2025 15:20:12 Europe/Berlin] PHP Fatal error:  Maximum execution time of 120 seconds exceeded in D:\XAMPP\htdocs\TrialWeb\TrialWorkIM\Tabeya\fetch_products.php on line 27
[24-Nov-2025 15:20:12 Europe/Berlin] PHP Fatal error:  Maximum execution time of 120 seconds exceeded in D:\XAMPP\htdocs\TrialWeb\TrialWorkIM\Tabeya\fetch_products.php on line 27
[24-Nov-2025 15:20:12 Europe/Berlin] PHP Fatal error:  Maximum execution time of 120 seconds exceeded in D:\XAMPP\htdocs\TrialWeb\TrialWorkIM\Tabeya\fetch_products.php on line 27
[24-Nov-2025 15:20:12 Europe/Berlin] PHP Fatal error:  Maximum execution time of 120 seconds exceeded in D:\XAMPP\htdocs\TrialWeb\TrialWorkIM\Tabeya\fetch_products.php on line 27
[24-Nov-2025 15:20:12 Europe/Berlin] PHP Fatal error:  Maximum execution time of 120 seconds exceeded in D:\XAMPP\htdocs\TrialWeb\TrialWorkIM\Tabeya\fetch_products.php on line 27
[24-Nov-2025 15:20:12 Europe/Berlin] PHP Fatal error:  Maximum execution time of 120 seconds exceeded in D:\XAMPP\htdocs\TrialWeb\TrialWorkIM\Tabeya\fetch_products.php on line 27
[24-Nov-2025 15:20:12 Europe/Berlin] PHP Fatal error:  Maximum execution time of 120 seconds exceeded in D:\XAMPP\htdocs\TrialWeb\TrialWorkIM\Tabeya\fetch_products.php on line 27
[24-Nov-2025 15:20:21 Europe/Berlin] PHP Warning:  mysqli::__construct(): Error while reading greeting packet. PID=16124 in D:\XAMPP\htdocs\TrialWeb\TrialWorkIM\Tabeya\fetch_products.php on line 27
[05-Dec-2025 17:54:23 Europe/Berlin] PHP Fatal error:  Uncaught mysqli_sql_exception: A connection attempt failed because the connected party did not properly respond after a period of time, or established connection failed because connected host has failed to respond in D:\XAMPP\htdocs\TrialWeb\TrialWorkIM\Tabeya\api\config\db_config.php:28
Stack trace:
#0 D:\XAMPP\htdocs\TrialWeb\TrialWorkIM\Tabeya\api\config\db_config.php(28): mysqli->__construct('192.168.110.105', 'friend', Object(SensitiveParameterValue), 'tabeya_system', '3306')
#1 D:\XAMPP\htdocs\TrialWeb\TrialWorkIM\Tabeya\Review.php(3): require_once('D:\\XAMPP\\htdocs...')
#2 {main}
  thrown in D:\XAMPP\htdocs\TrialWeb\TrialWorkIM\Tabeya\api\config\db_config.php on line 28
[05-Dec-2025 17:54:44 Europe/Berlin] PHP Fatal error:  Uncaught mysqli_sql_exception: A connection attempt failed because the connected party did not properly respond after a period of time, or established connection failed because connected host has failed to respond in D:\XAMPP\htdocs\TrialWeb\TrialWorkIM\Tabeya\api\config\db_config.php:28
Stack trace:
#0 D:\XAMPP\htdocs\TrialWeb\TrialWorkIM\Tabeya\api\config\db_config.php(28): mysqli->__construct('192.168.110.105', 'friend', Object(SensitiveParameterValue), 'tabeya_system', '3306')
#1 D:\XAMPP\htdocs\TrialWeb\TrialWorkIM\Tabeya\Review.php(3): require_once('D:\\XAMPP\\htdocs...')
#2 {main}
  thrown in D:\XAMPP\htdocs\TrialWeb\TrialWorkIM\Tabeya\api\config\db_config.php on line 28
[05-Dec-2025 17:55:05 Europe/Berlin] PHP Fatal error:  Uncaught mysqli_sql_exception: A connection attempt failed because the connected party did not properly respond after a period of time, or established connection failed because connected host has failed to respond in D:\XAMPP\htdocs\TrialWeb\TrialWorkIM\Tabeya\api\config\db_config.php:28
Stack trace:
#0 D:\XAMPP\htdocs\TrialWeb\TrialWorkIM\Tabeya\api\config\db_config.php(28): mysqli->__construct('192.168.110.105', 'friend', Object(SensitiveParameterValue), 'tabeya_system', '3306')
#1 D:\XAMPP\htdocs\TrialWeb\TrialWorkIM\Tabeya\Review.php(3): require_once('D:\\XAMPP\\htdocs...')
#2 {main}
  thrown in D:\XAMPP\htdocs\TrialWeb\TrialWorkIM\Tabeya\api\config\db_config.php on line 28
[05-Dec-2025 17:55:27 Europe/Berlin] PHP Fatal error:  Uncaught mysqli_sql_exception: A connection attempt failed because the connected party did not properly respond after a period of time, or established connection failed because connected host has failed to respond in D:\XAMPP\htdocs\TrialWeb\TrialWorkIM\Tabeya\api\config\db_config.php:28
Stack trace:
#0 D:\XAMPP\htdocs\TrialWeb\TrialWorkIM\Tabeya\api\config\db_config.php(28): mysqli->__construct('192.168.110.105', 'friend', Object(SensitiveParameterValue), 'tabeya_system', '3306')
#1 D:\XAMPP\htdocs\TrialWeb\TrialWorkIM\Tabeya\Review.php(3): require_once('D:\\XAMPP\\htdocs...')
#2 {main}
  thrown in D:\XAMPP\htdocs\TrialWeb\TrialWorkIM\Tabeya\api\config\db_config.php on line 28
[05-Dec-2025 17:55:48 Europe/Berlin] PHP Fatal error:  Uncaught mysqli_sql_exception: A connection attempt failed because the connected party did not properly respond after a period of time, or established connection failed because connected host has failed to respond in D:\XAMPP\htdocs\TrialWeb\TrialWorkIM\Tabeya\api\config\db_config.php:28
Stack trace:
#0 D:\XAMPP\htdocs\TrialWeb\TrialWorkIM\Tabeya\api\config\db_config.php(28): mysqli->__construct('192.168.110.105', 'friend', Object(SensitiveParameterValue), 'tabeya_system', '3306')
#1 D:\XAMPP\htdocs\TrialWeb\TrialWorkIM\Tabeya\Review.php(3): require_once('D:\\XAMPP\\htdocs...')
#2 {main}
  thrown in D:\XAMPP\htdocs\TrialWeb\TrialWorkIM\Tabeya\api\config\db_config.php on line 28
[05-Dec-2025 17:56:09 Europe/Berlin] PHP Fatal error:  Uncaught mysqli_sql_exception: A connection attempt failed because the connected party did not properly respond after a period of time, or established connection failed because connected host has failed to respond in D:\XAMPP\htdocs\TrialWeb\TrialWorkIM\Tabeya\api\config\db_config.php:28
Stack trace:
#0 D:\XAMPP\htdocs\TrialWeb\TrialWorkIM\Tabeya\api\config\db_config.php(28): mysqli->__construct('192.168.110.105', 'friend', Object(SensitiveParameterValue), 'tabeya_system', '3306')
#1 D:\XAMPP\htdocs\TrialWeb\TrialWorkIM\Tabeya\Review.php(3): require_once('D:\\XAMPP\\htdocs...')
#2 {main}
  thrown in D:\XAMPP\htdocs\TrialWeb\TrialWorkIM\Tabeya\api\config\db_config.php on line 28
[05-Dec-2025 17:57:02 Europe/Berlin] PHP Fatal error:  Uncaught mysqli_sql_exception: A connection attempt failed because the connected party did not properly respond after a period of time, or established connection failed because connected host has failed to respond in D:\XAMPP\htdocs\TrialWeb\TrialWorkIM\Tabeya\api\config\db_config.php:28
Stack trace:
#0 D:\XAMPP\htdocs\TrialWeb\TrialWorkIM\Tabeya\api\config\db_config.php(28): mysqli->__construct('192.168.110.105', 'friend', Object(SensitiveParameterValue), 'tabeya_system', '3306')
#1 D:\XAMPP\htdocs\TrialWeb\TrialWorkIM\Tabeya\Review.php(3): require_once('D:\\XAMPP\\htdocs...')
#2 {main}
  thrown in D:\XAMPP\htdocs\TrialWeb\TrialWorkIM\Tabeya\api\config\db_config.php on line 28
[05-Dec-2025 17:57:44 Europe/Berlin] PHP Warning:  mysqli::__construct(): php_network_getaddresses: getaddrinfo for locahost failed: No such host is known.  in D:\XAMPP\htdocs\TrialWeb\TrialWorkIM\Tabeya\api\config\db_config.php on line 28
[05-Dec-2025 17:57:44 Europe/Berlin] PHP Fatal error:  Uncaught mysqli_sql_exception: php_network_getaddresses: getaddrinfo for locahost failed: No such host is known.  in D:\XAMPP\htdocs\TrialWeb\TrialWorkIM\Tabeya\api\config\db_config.php:28
Stack trace:
#0 D:\XAMPP\htdocs\TrialWeb\TrialWorkIM\Tabeya\api\config\db_config.php(28): mysqli->__construct('locahost', 'root', Object(SensitiveParameterValue), 'tabeya_system', '3306')
#1 D:\XAMPP\htdocs\TrialWeb\TrialWorkIM\Tabeya\Review.php(3): require_once('D:\\XAMPP\\htdocs...')
#2 {main}
  thrown in D:\XAMPP\htdocs\TrialWeb\TrialWorkIM\Tabeya\api\config\db_config.php on line 28
[05-Dec-2025 17:58:56 Europe/Berlin] PHP Fatal error:  Uncaught Error: mysqli object is already closed in D:\XAMPP\htdocs\TrialWeb\TrialWorkIM\Tabeya\api\config\db_config.php:66
Stack trace:
#0 D:\XAMPP\htdocs\TrialWeb\TrialWorkIM\Tabeya\api\config\db_config.php(66): mysqli->close()
#1 [internal function]: closeConnection()
#2 {main}
  thrown in D:\XAMPP\htdocs\TrialWeb\TrialWorkIM\Tabeya\api\config\db_config.php on line 66
[05-Dec-2025 17:59:05 Europe/Berlin] PHP Fatal error:  Uncaught Error: mysqli object is already closed in D:\XAMPP\htdocs\TrialWeb\TrialWorkIM\Tabeya\api\config\db_config.php:66
Stack trace:
#0 D:\XAMPP\htdocs\TrialWeb\TrialWorkIM\Tabeya\api\config\db_config.php(66): mysqli->close()
#1 [internal function]: closeConnection()
#2 {main}
  thrown in D:\XAMPP\htdocs\TrialWeb\TrialWorkIM\Tabeya\api\config\db_config.php on line 66
[05-Dec-2025 17:59:08 Europe/Berlin] PHP Fatal error:  Uncaught Error: mysqli object is already closed in D:\XAMPP\htdocs\TrialWeb\TrialWorkIM\Tabeya\api\config\db_config.php:66
Stack trace:
#0 D:\XAMPP\htdocs\TrialWeb\TrialWorkIM\Tabeya\api\config\db_config.php(66): mysqli->close()
#1 [internal function]: closeConnection()
#2 {main}
  thrown in D:\XAMPP\htdocs\TrialWeb\TrialWorkIM\Tabeya\api\config\db_config.php on line 66
[05-Dec-2025 17:59:10 Europe/Berlin] PHP Fatal error:  Uncaught Error: mysqli object is already closed in D:\XAMPP\htdocs\TrialWeb\TrialWorkIM\Tabeya\api\config\db_config.php:66
Stack trace:
#0 D:\XAMPP\htdocs\TrialWeb\TrialWorkIM\Tabeya\api\config\db_config.php(66): mysqli->close()
#1 [internal function]: closeConnection()
#2 {main}
  thrown in D:\XAMPP\htdocs\TrialWeb\TrialWorkIM\Tabeya\api\config\db_config.php on line 66
[05-Dec-2025 17:59:11 Europe/Berlin] PHP Fatal error:  Uncaught Error: mysqli object is already closed in D:\XAMPP\htdocs\TrialWeb\TrialWorkIM\Tabeya\api\config\db_config.php:66
Stack trace:
#0 D:\XAMPP\htdocs\TrialWeb\TrialWorkIM\Tabeya\api\config\db_config.php(66): mysqli->close()
#1 [internal function]: closeConnection()
#2 {main}
  thrown in D:\XAMPP\htdocs\TrialWeb\TrialWorkIM\Tabeya\api\config\db_config.php on line 66
[05-Dec-2025 17:59:11 Europe/Berlin] PHP Fatal error:  Uncaught Error: mysqli object is already closed in D:\XAMPP\htdocs\TrialWeb\TrialWorkIM\Tabeya\api\config\db_config.php:66
Stack trace:
#0 D:\XAMPP\htdocs\TrialWeb\TrialWorkIM\Tabeya\api\config\db_config.php(66): mysqli->close()
#1 [internal function]: closeConnection()
#2 {main}
  thrown in D:\XAMPP\htdocs\TrialWeb\TrialWorkIM\Tabeya\api\config\db_config.php on line 66
[05-Dec-2025 17:59:11 Europe/Berlin] PHP Fatal error:  Uncaught Error: mysqli object is already closed in D:\XAMPP\htdocs\TrialWeb\TrialWorkIM\Tabeya\api\config\db_config.php:66
Stack trace:
#0 D:\XAMPP\htdocs\TrialWeb\TrialWorkIM\Tabeya\api\config\db_config.php(66): mysqli->close()
#1 [internal function]: closeConnection()
#2 {main}
  thrown in D:\XAMPP\htdocs\TrialWeb\TrialWorkIM\Tabeya\api\config\db_config.php on line 66
[05-Dec-2025 17:59:12 Europe/Berlin] PHP Fatal error:  Uncaught Error: mysqli object is already closed in D:\XAMPP\htdocs\TrialWeb\TrialWorkIM\Tabeya\api\config\db_config.php:66
Stack trace:
#0 D:\XAMPP\htdocs\TrialWeb\TrialWorkIM\Tabeya\api\config\db_config.php(66): mysqli->close()
#1 [internal function]: closeConnection()
#2 {main}
  thrown in D:\XAMPP\htdocs\TrialWeb\TrialWorkIM\Tabeya\api\config\db_config.php on line 66
[05-Dec-2025 17:59:12 Europe/Berlin] PHP Fatal error:  Uncaught Error: mysqli object is already closed in D:\XAMPP\htdocs\TrialWeb\TrialWorkIM\Tabeya\api\config\db_config.php:66
Stack trace:
#0 D:\XAMPP\htdocs\TrialWeb\TrialWorkIM\Tabeya\api\config\db_config.php(66): mysqli->close()
#1 [internal function]: closeConnection()
#2 {main}
  thrown in D:\XAMPP\htdocs\TrialWeb\TrialWorkIM\Tabeya\api\config\db_config.php on line 66
[05-Dec-2025 17:59:12 Europe/Berlin] PHP Fatal error:  Uncaught Error: mysqli object is already closed in D:\XAMPP\htdocs\TrialWeb\TrialWorkIM\Tabeya\api\config\db_config.php:66
Stack trace:
#0 D:\XAMPP\htdocs\TrialWeb\TrialWorkIM\Tabeya\api\config\db_config.php(66): mysqli->close()
#1 [internal function]: closeConnection()
#2 {main}
  thrown in D:\XAMPP\htdocs\TrialWeb\TrialWorkIM\Tabeya\api\config\db_config.php on line 66
[05-Dec-2025 17:59:13 Europe/Berlin] PHP Fatal error:  Uncaught Error: mysqli object is already closed in D:\XAMPP\htdocs\TrialWeb\TrialWorkIM\Tabeya\api\config\db_config.php:66
Stack trace:
#0 D:\XAMPP\htdocs\TrialWeb\TrialWorkIM\Tabeya\api\config\db_config.php(66): mysqli->close()
#1 [internal function]: closeConnection()
#2 {main}
  thrown in D:\XAMPP\htdocs\TrialWeb\TrialWorkIM\Tabeya\api\config\db_config.php on line 66
[05-Dec-2025 17:59:13 Europe/Berlin] PHP Fatal error:  Uncaught Error: mysqli object is already closed in D:\XAMPP\htdocs\TrialWeb\TrialWorkIM\Tabeya\api\config\db_config.php:66
Stack trace:
#0 D:\XAMPP\htdocs\TrialWeb\TrialWorkIM\Tabeya\api\config\db_config.php(66): mysqli->close()
#1 [internal function]: closeConnection()
#2 {main}
  thrown in D:\XAMPP\htdocs\TrialWeb\TrialWorkIM\Tabeya\api\config\db_config.php on line 66
[05-Dec-2025 17:59:13 Europe/Berlin] PHP Fatal error:  Uncaught Error: mysqli object is already closed in D:\XAMPP\htdocs\TrialWeb\TrialWorkIM\Tabeya\api\config\db_config.php:66
Stack trace:
#0 D:\XAMPP\htdocs\TrialWeb\TrialWorkIM\Tabeya\api\config\db_config.php(66): mysqli->close()
#1 [internal function]: closeConnection()
#2 {main}
  thrown in D:\XAMPP\htdocs\TrialWeb\TrialWorkIM\Tabeya\api\config\db_config.php on line 66
[05-Dec-2025 17:59:13 Europe/Berlin] PHP Fatal error:  Uncaught Error: mysqli object is already closed in D:\XAMPP\htdocs\TrialWeb\TrialWorkIM\Tabeya\api\config\db_config.php:66
Stack trace:
#0 D:\XAMPP\htdocs\TrialWeb\TrialWorkIM\Tabeya\api\config\db_config.php(66): mysqli->close()
#1 [internal function]: closeConnection()
#2 {main}
  thrown in D:\XAMPP\htdocs\TrialWeb\TrialWorkIM\Tabeya\api\config\db_config.php on line 66
[05-Dec-2025 17:59:14 Europe/Berlin] PHP Fatal error:  Uncaught Error: mysqli object is already closed in D:\XAMPP\htdocs\TrialWeb\TrialWorkIM\Tabeya\api\config\db_config.php:66
Stack trace:
#0 D:\XAMPP\htdocs\TrialWeb\TrialWorkIM\Tabeya\api\config\db_config.php(66): mysqli->close()
#1 [internal function]: closeConnection()
#2 {main}
  thrown in D:\XAMPP\htdocs\TrialWeb\TrialWorkIM\Tabeya\api\config\db_config.php on line 66
[05-Dec-2025 17:59:14 Europe/Berlin] PHP Fatal error:  Uncaught Error: mysqli object is already closed in D:\XAMPP\htdocs\TrialWeb\TrialWorkIM\Tabeya\api\config\db_config.php:66
Stack trace:
#0 D:\XAMPP\htdocs\TrialWeb\TrialWorkIM\Tabeya\api\config\db_config.php(66): mysqli->close()
#1 [internal function]: closeConnection()
#2 {main}
  thrown in D:\XAMPP\htdocs\TrialWeb\TrialWorkIM\Tabeya\api\config\db_config.php on line 66
[05-Dec-2025 17:59:14 Europe/Berlin] PHP Fatal error:  Uncaught Error: mysqli object is already closed in D:\XAMPP\htdocs\TrialWeb\TrialWorkIM\Tabeya\api\config\db_config.php:66
Stack trace:
#0 D:\XAMPP\htdocs\TrialWeb\TrialWorkIM\Tabeya\api\config\db_config.php(66): mysqli->close()
#1 [internal function]: closeConnection()
#2 {main}
  thrown in D:\XAMPP\htdocs\TrialWeb\TrialWorkIM\Tabeya\api\config\db_config.php on line 66
[05-Dec-2025 17:59:15 Europe/Berlin] PHP Fatal error:  Uncaught Error: mysqli object is already closed in D:\XAMPP\htdocs\TrialWeb\TrialWorkIM\Tabeya\api\config\db_config.php:66
Stack trace:
#0 D:\XAMPP\htdocs\TrialWeb\TrialWorkIM\Tabeya\api\config\db_config.php(66): mysqli->close()
#1 [internal function]: closeConnection()
#2 {main}
  thrown in D:\XAMPP\htdocs\TrialWeb\TrialWorkIM\Tabeya\api\config\db_config.php on line 66
[05-Dec-2025 17:59:15 Europe/Berlin] PHP Fatal error:  Uncaught Error: mysqli object is already closed in D:\XAMPP\htdocs\TrialWeb\TrialWorkIM\Tabeya\api\config\db_config.php:66
Stack trace:
#0 D:\XAMPP\htdocs\TrialWeb\TrialWorkIM\Tabeya\api\config\db_config.php(66): mysqli->close()
#1 [internal function]: closeConnection()
#2 {main}
  thrown in D:\XAMPP\htdocs\TrialWeb\TrialWorkIM\Tabeya\api\config\db_config.php on line 66
[05-Dec-2025 17:59:15 Europe/Berlin] PHP Fatal error:  Uncaught Error: mysqli object is already closed in D:\XAMPP\htdocs\TrialWeb\TrialWorkIM\Tabeya\api\config\db_config.php:66
Stack trace:
#0 D:\XAMPP\htdocs\TrialWeb\TrialWorkIM\Tabeya\api\config\db_config.php(66): mysqli->close()
#1 [internal function]: closeConnection()
#2 {main}
  thrown in D:\XAMPP\htdocs\TrialWeb\TrialWorkIM\Tabeya\api\config\db_config.php on line 66
[05-Dec-2025 17:59:16 Europe/Berlin] PHP Fatal error:  Uncaught Error: mysqli object is already closed in D:\XAMPP\htdocs\TrialWeb\TrialWorkIM\Tabeya\api\config\db_config.php:66
Stack trace:
#0 D:\XAMPP\htdocs\TrialWeb\TrialWorkIM\Tabeya\api\config\db_config.php(66): mysqli->close()
#1 [internal function]: closeConnection()
#2 {main}
  thrown in D:\XAMPP\htdocs\TrialWeb\TrialWorkIM\Tabeya\api\config\db_config.php on line 66
[05-Dec-2025 17:59:16 Europe/Berlin] PHP Fatal error:  Uncaught Error: mysqli object is already closed in D:\XAMPP\htdocs\TrialWeb\TrialWorkIM\Tabeya\api\config\db_config.php:66
Stack trace:
#0 D:\XAMPP\htdocs\TrialWeb\TrialWorkIM\Tabeya\api\config\db_config.php(66): mysqli->close()
#1 [internal function]: closeConnection()
#2 {main}
  thrown in D:\XAMPP\htdocs\TrialWeb\TrialWorkIM\Tabeya\api\config\db_config.php on line 66
[05-Dec-2025 17:59:17 Europe/Berlin] PHP Fatal error:  Uncaught Error: mysqli object is already closed in D:\XAMPP\htdocs\TrialWeb\TrialWorkIM\Tabeya\api\config\db_config.php:66
Stack trace:
#0 D:\XAMPP\htdocs\TrialWeb\TrialWorkIM\Tabeya\api\config\db_config.php(66): mysqli->close()
#1 [internal function]: closeConnection()
#2 {main}
  thrown in D:\XAMPP\htdocs\TrialWeb\TrialWorkIM\Tabeya\api\config\db_config.php on line 66
[05-Dec-2025 17:59:17 Europe/Berlin] PHP Fatal error:  Uncaught Error: mysqli object is already closed in D:\XAMPP\htdocs\TrialWeb\TrialWorkIM\Tabeya\api\config\db_config.php:66
Stack trace:
#0 D:\XAMPP\htdocs\TrialWeb\TrialWorkIM\Tabeya\api\config\db_config.php(66): mysqli->close()
#1 [internal function]: closeConnection()
#2 {main}
  thrown in D:\XAMPP\htdocs\TrialWeb\TrialWorkIM\Tabeya\api\config\db_config.php on line 66
[05-Dec-2025 17:59:18 Europe/Berlin] PHP Fatal error:  Uncaught Error: mysqli object is already closed in D:\XAMPP\htdocs\TrialWeb\TrialWorkIM\Tabeya\api\config\db_config.php:66
Stack trace:
#0 D:\XAMPP\htdocs\TrialWeb\TrialWorkIM\Tabeya\api\config\db_config.php(66): mysqli->close()
#1 [internal function]: closeConnection()
#2 {main}
  thrown in D:\XAMPP\htdocs\TrialWeb\TrialWorkIM\Tabeya\api\config\db_config.php on line 66
[05-Dec-2025 17:59:18 Europe/Berlin] PHP Fatal error:  Uncaught Error: mysqli object is already closed in D:\XAMPP\htdocs\TrialWeb\TrialWorkIM\Tabeya\api\config\db_config.php:66
Stack trace:
#0 D:\XAMPP\htdocs\TrialWeb\TrialWorkIM\Tabeya\api\config\db_config.php(66): mysqli->close()
#1 [internal function]: closeConnection()
#2 {main}
  thrown in D:\XAMPP\htdocs\TrialWeb\TrialWorkIM\Tabeya\api\config\db_config.php on line 66
[05-Dec-2025 18:00:35 Europe/Berlin] PHP Fatal error:  Uncaught Error: mysqli object is already closed in D:\XAMPP\htdocs\TrialWeb\TrialWorkIM\Tabeya\api\config\db_config.php:66
Stack trace:
#0 D:\XAMPP\htdocs\TrialWeb\TrialWorkIM\Tabeya\api\config\db_config.php(66): mysqli->close()
#1 [internal function]: closeConnection()
#2 {main}
  thrown in D:\XAMPP\htdocs\TrialWeb\TrialWorkIM\Tabeya\api\config\db_config.php on line 66
[05-Dec-2025 18:07:16 Europe/Berlin] SUCCESS: New reservation #11 created for customer 2
[05-Dec-2025 18:58:59 Europe/Berlin] SUCCESS: New reservation #12 created for customer 2
[06-Dec-2025 08:08:10 Europe/Berlin] PHP Fatal error:  Uncaught mysqli_sql_exception: No connection could be made because the target machine actively refused it in D:\XAMPP\htdocs\TrialWeb\TrialWorkIM\Tabeya\api\config\db_config.php:28
Stack trace:
#0 D:\XAMPP\htdocs\TrialWeb\TrialWorkIM\Tabeya\api\config\db_config.php(28): mysqli->__construct('localhost', 'root', Object(SensitiveParameterValue), 'tabeya_system', '3306')
#1 D:\XAMPP\htdocs\TrialWeb\TrialWorkIM\Tabeya\Review.php(3): require_once('D:\\XAMPP\\htdocs...')
#2 {main}
  thrown in D:\XAMPP\htdocs\TrialWeb\TrialWorkIM\Tabeya\api\config\db_config.php on line 28
[06-Dec-2025 08:08:17 Europe/Berlin] PHP Fatal error:  Uncaught mysqli_sql_exception: No connection could be made because the target machine actively refused it in D:\XAMPP\htdocs\TrialWeb\TrialWorkIM\Tabeya\api\config\db_config.php:28
Stack trace:
#0 D:\XAMPP\htdocs\TrialWeb\TrialWorkIM\Tabeya\api\config\db_config.php(28): mysqli->__construct('localhost', 'root', Object(SensitiveParameterValue), 'tabeya_system', '3306')
#1 D:\XAMPP\htdocs\TrialWeb\TrialWorkIM\Tabeya\Review.php(3): require_once('D:\\XAMPP\\htdocs...')
#2 {main}
  thrown in D:\XAMPP\htdocs\TrialWeb\TrialWorkIM\Tabeya\api\config\db_config.php on line 28
[06-Dec-2025 08:08:23 Europe/Berlin] PHP Fatal error:  Uncaught mysqli_sql_exception: No connection could be made because the target machine actively refused it in D:\XAMPP\htdocs\TrialWeb\TrialWorkIM\Tabeya\api\config\db_config.php:28
Stack trace:
#0 D:\XAMPP\htdocs\TrialWeb\TrialWorkIM\Tabeya\api\config\db_config.php(28): mysqli->__construct('localhost', 'root', Object(SensitiveParameterValue), 'tabeya_system', '3306')
#1 D:\XAMPP\htdocs\TrialWeb\TrialWorkIM\Tabeya\Review.php(3): require_once('D:\\XAMPP\\htdocs...')
#2 {main}
  thrown in D:\XAMPP\htdocs\TrialWeb\TrialWorkIM\Tabeya\api\config\db_config.php on line 28
[06-Dec-2025 17:41:25 Europe/Berlin] Order processing failed: Insufficient stock for Tomato Sauce in Pizza Roll. Required: 20, Available: 0
[06-Dec-2025 17:42:13 Europe/Berlin] SUCCESS: Order #1010 created and completed with inventory deduction
[08-Dec-2025 04:15:55 Europe/Berlin] SUCCESS: New reservation #13 created for customer 2
[08-Dec-2025 04:27:39 Europe/Berlin] Order processing failed: PROCEDURE tabeya_system.IncrementCustomerOrderCount does not exist
[08-Dec-2025 06:25:54 Europe/Berlin] SUCCESS: New reservation #14 created for customer 2
[08-Dec-2025 06:29:45 Europe/Berlin] SUCCESS: New reservation #15 created for customer 7
[08-Dec-2025 10:26:34 Europe/Berlin] PHP Warning:  Undefined variable $servername in D:\XAMPP\htdocs\TrialWeb\TrialWorkIM\Tabeya\get_user_orders_count.php on line 10
[08-Dec-2025 10:26:34 Europe/Berlin] PHP Warning:  Undefined variable $username in D:\XAMPP\htdocs\TrialWeb\TrialWorkIM\Tabeya\get_user_orders_count.php on line 10
[08-Dec-2025 10:26:34 Europe/Berlin] PHP Warning:  Undefined variable $password in D:\XAMPP\htdocs\TrialWeb\TrialWorkIM\Tabeya\get_user_orders_count.php on line 10
[08-Dec-2025 10:26:34 Europe/Berlin] PHP Warning:  Undefined variable $dbname in D:\XAMPP\htdocs\TrialWeb\TrialWorkIM\Tabeya\get_user_orders_count.php on line 10
[08-Dec-2025 10:26:34 Europe/Berlin] PHP Fatal error:  Uncaught mysqli_sql_exception: Access denied for user ''@'localhost' (using password: NO) in D:\XAMPP\htdocs\TrialWeb\TrialWorkIM\Tabeya\get_user_orders_count.php:10
Stack trace:
#0 D:\XAMPP\htdocs\TrialWeb\TrialWorkIM\Tabeya\get_user_orders_count.php(10): mysqli->__construct(NULL, NULL, Object(SensitiveParameterValue), NULL)
#1 {main}
  thrown in D:\XAMPP\htdocs\TrialWeb\TrialWorkIM\Tabeya\get_user_orders_count.php on line 10
[15-Dec-2025 16:58:14 Europe/Berlin] SUCCESS: New reservation #1264 created for customer 2
[15-Dec-2025 17:16:06 Europe/Berlin] SUCCESS: New reservation #1265 created for customer 2
[22-Dec-2025 08:37:51 Europe/Berlin] SUCCESS: New reservation #16 created for customer 4750
[24-Dec-2025 09:08:03 Europe/Berlin] SUCCESS: New reservation #18 created for customer 4750
